<?xml version="1.0" encoding="UTF-8"?>
<!-- Generated by org.testng.reporters.JUnitXMLReporter -->
<testsuite hostname="LAPTOP-RUBEL" ignored="0" name="Default test" tests="5" failures="0" timestamp="2020-12-02T02:38:47 CST" time="4.356" errors="0">
  <testcase name="CREAT_CUST" time="1.828" classname="testCases.GET_REQUEST"/>
  <testcase name="CREAT_CUST" time="0.571" classname="testCases.GET_REQUEST"/>
  <testcase name="CREAT_CUST" time="0.645" classname="testCases.GET_REQUEST"/>
  <testcase name="CREAT_CUST" time="0.577" classname="testCases.GET_REQUEST"/>
  <testcase name="CREAT_CUST" time="0.61" classname="testCases.GET_REQUEST"/>
</testsuite> <!-- Default test -->
