<?xml version="1.0" encoding="UTF-8"?>
<!-- Generated by org.testng.reporters.JUnitXMLReporter -->
<testsuite hostname="LAPTOP-PQCAM2GB" ignored="0" name="Default test" tests="2" failures="0" timestamp="2020-08-10T14:53:17 CDT" time="80.393" errors="0">
  <testcase name="verifyTest_City_IsDisplayed" time="52.185" classname="testCases.Test_City_IsDisplayed"/>
  <testcase name="verify_test_city_isEnabled_in_the_search_filter_page" time="0.034" classname="testCases.Test_City_IsDisplayed"/>
</testsuite> <!-- Default test -->
