<?xml version="1.0" encoding="UTF-8"?>
<!-- Generated by org.testng.reporters.JUnitXMLReporter -->
<testsuite ignored="0" hostname="SkySchooling" failures="0" tests="5" name="Test" time="123.575" errors="0" timestamp="2020-08-04T00:42:55 CDT">
  <testcase classname="testCases.Test_FilterSearch" name="test_FilterSearch" time="25.083"/>
  <testcase classname="testCases.Test_FilterSearch" name="test_FilterSearch" time="21.252"/>
  <testcase classname="testCases.Test_FilterSearch" name="test_FilterSearch" time="21.47"/>
  <testcase classname="testCases.Test_FilterSearch" name="test_FilterSearch" time="21.793"/>
  <testcase classname="testCases.Test_FilterSearch" name="test_FilterSearch" time="23.683"/>
</testsuite> <!-- Test -->
