<?xml version="1.0" encoding="UTF-8"?>
<!-- Generated by org.testng.reporters.JUnitXMLReporter -->
<testsuite hostname="LAPTOP-PQCAM2GB" ignored="26" name="Test" tests="21" failures="1" timestamp="2020-08-09T23:26:41 CDT" time="415.624" errors="0">
  <testcase name="Newest_Menu_Contains" time="74.274" classname="testCases.Test_Newest_Menu_Contains"/>
  <testcase name="Gallery_Menu" time="11.922" classname="testCases.Test_Gallery_Menu"/>
  <testcase name="gallery" time="0.691" classname="testCases.Test_Gallery_Menu"/>
  <testcase name="Verify_event_calendar_link_is_displayed" time="1.169" classname="testCases.Test_Verify_Event_Calender"/>
  <testcase name="Sum_all_the_list_prices" time="2.96" classname="testCases.Test_Sum_All_The_search_List_Price">
    <failure type="java.lang.NumberFormatException" message="empty String">
      <![CDATA[java.lang.NumberFormatException: empty String
at sun.misc.FloatingDecimal.readJavaFormatString(Unknown Source)
at sun.misc.FloatingDecimal.parseDouble(Unknown Source)
at java.lang.Double.parseDouble(Unknown Source)
at testCases.Test_Sum_All_The_search_List_Price.Sum_all_the_list_prices(Test_Sum_All_The_search_List_Price.java:33)
at java.util.ArrayList.forEach(Unknown Source)
... Removed 27 stack frames]]>
    </failure>
  </testcase> <!-- Sum_all_the_list_prices -->
  <testcase name="Map_Displayed" time="11.631" classname="testCases.Test_Map_Displayed"/>
  <testcase name="home_page_Status" time="5.735" classname="testCases.Test_HomePage_E2E"/>
  <testcase name="Count_All_The_Search_List_Item" time="3.563" classname="testCases.Test_Count_All_The_Search_List_Item"/>
  <testcase name="verifyTest_City_IsDisplayed" time="2.052" classname="testCases.Test_City_IsDisplayed"/>
  <testcase name="verify_test_city_isEnabled_in_the_search_filter_page" time="0.059" classname="testCases.Test_City_IsDisplayed"/>
  <testcase name="Search_Results_Pagegination_IsDisplayed" time="4.338" classname="testCases.Test_Search_Results_Pagegination"/>
  <testcase name="next_boutton_IsDisplayed" time="0.117" classname="testCases.Test_Search_Results_Pagegination"/>
  <testcase name="next_boutton_Enabled" time="0.083" classname="testCases.Test_Search_Results_Pagegination"/>
  <testcase name="previous_Button_IsDisplayed" time="0.122" classname="testCases.Test_Search_Results_Pagegination"/>
  <testcase name="previous_Button_isEnabled" time="0.069" classname="testCases.Test_Search_Results_Pagegination"/>
  <testcase name="Searched_Item" time="2.314" classname="testCases.Test_Searched_Item_Title_Bar"/>
  <testcase name="Language_Change" time="29.094" classname="testCases.Test_Language_Change_E2E"/>
  <testcase name="center" time="2.214" classname="testCases.Test_CL_Worlwide_Is_Displayed"/>
  <testcase name="verify_CL_Worlwide_Is_Displayed" time="2.351" classname="testCases.Test_CL_Worlwide_Is_Displayed"/>
  <testcase name="Save_Search_IsDisplayed" time="6.11" classname="testCases.Test_Save_Search_Properly"/>
  <testcase name="Next_And_Previous_Button" time="5.049" classname="testCases.Test_Next_And_Previous_Button"/>
  <testcase name="@AfterSuite tearDowm" time="0.0" classname="base.BaseClass">
    <ignored/>
  </testcase> <!-- @AfterSuite tearDowm -->
  <testcase name="@AfterSuite tearDowm" time="0.0" classname="base.BaseClass">
    <ignored/>
  </testcase> <!-- @AfterSuite tearDowm -->
  <testcase name="@AfterSuite tearDowm" time="0.0" classname="base.BaseClass">
    <ignored/>
  </testcase> <!-- @AfterSuite tearDowm -->
  <testcase name="@AfterSuite tearDowm" time="0.0" classname="base.BaseClass">
    <ignored/>
  </testcase> <!-- @AfterSuite tearDowm -->
  <testcase name="@AfterSuite tearDowm" time="0.0" classname="base.BaseClass">
    <ignored/>
  </testcase> <!-- @AfterSuite tearDowm -->
  <testcase name="@AfterSuite tearDowm" time="0.0" classname="base.BaseClass">
    <ignored/>
  </testcase> <!-- @AfterSuite tearDowm -->
  <testcase name="@AfterSuite tearDowm" time="0.0" classname="base.BaseClass">
    <ignored/>
  </testcase> <!-- @AfterSuite tearDowm -->
  <testcase name="@AfterSuite tearDowm" time="0.0" classname="base.BaseClass">
    <ignored/>
  </testcase> <!-- @AfterSuite tearDowm -->
  <testcase name="@AfterSuite tearDowm" time="0.0" classname="base.BaseClass">
    <ignored/>
  </testcase> <!-- @AfterSuite tearDowm -->
  <testcase name="@AfterSuite tearDowm" time="0.0" classname="base.BaseClass">
    <ignored/>
  </testcase> <!-- @AfterSuite tearDowm -->
  <testcase name="@AfterSuite tearDowm" time="0.0" classname="base.BaseClass">
    <ignored/>
  </testcase> <!-- @AfterSuite tearDowm -->
  <testcase name="@AfterSuite tearDowm" time="0.0" classname="base.BaseClass">
    <ignored/>
  </testcase> <!-- @AfterSuite tearDowm -->
  <testcase name="@AfterSuite tearDowm" time="0.0" classname="base.BaseClass">
    <ignored/>
  </testcase> <!-- @AfterSuite tearDowm -->
  <testcase name="@BeforeSuite setup" time="0.0" classname="base.BaseClass">
    <ignored/>
  </testcase> <!-- @BeforeSuite setup -->
  <testcase name="@BeforeSuite setup" time="0.0" classname="base.BaseClass">
    <ignored/>
  </testcase> <!-- @BeforeSuite setup -->
  <testcase name="@BeforeSuite setup" time="0.0" classname="base.BaseClass">
    <ignored/>
  </testcase> <!-- @BeforeSuite setup -->
  <testcase name="@BeforeSuite setup" time="0.0" classname="base.BaseClass">
    <ignored/>
  </testcase> <!-- @BeforeSuite setup -->
  <testcase name="@BeforeSuite setup" time="0.0" classname="base.BaseClass">
    <ignored/>
  </testcase> <!-- @BeforeSuite setup -->
  <testcase name="@BeforeSuite setup" time="0.0" classname="base.BaseClass">
    <ignored/>
  </testcase> <!-- @BeforeSuite setup -->
  <testcase name="@BeforeSuite setup" time="0.0" classname="base.BaseClass">
    <ignored/>
  </testcase> <!-- @BeforeSuite setup -->
  <testcase name="@BeforeSuite setup" time="0.0" classname="base.BaseClass">
    <ignored/>
  </testcase> <!-- @BeforeSuite setup -->
  <testcase name="@BeforeSuite setup" time="0.0" classname="base.BaseClass">
    <ignored/>
  </testcase> <!-- @BeforeSuite setup -->
  <testcase name="@BeforeSuite setup" time="0.0" classname="base.BaseClass">
    <ignored/>
  </testcase> <!-- @BeforeSuite setup -->
  <testcase name="@BeforeSuite setup" time="0.0" classname="base.BaseClass">
    <ignored/>
  </testcase> <!-- @BeforeSuite setup -->
  <testcase name="@BeforeSuite setup" time="0.0" classname="base.BaseClass">
    <ignored/>
  </testcase> <!-- @BeforeSuite setup -->
  <testcase name="@BeforeSuite setup" time="0.0" classname="base.BaseClass">
    <ignored/>
  </testcase> <!-- @BeforeSuite setup -->
</testsuite> <!-- Test -->
