<?xml version="1.0" encoding="UTF-8"?>
<testng-results skipped="0" failed="0" ignored="0" total="1" passed="1">
  <reporter-output>
  </reporter-output>
  <suite name="Default suite" duration-ms="4615" started-at="2020-12-02T21:42:08 CST" finished-at="2020-12-02T21:42:13 CST">
    <groups>
    </groups>
    <test name="Default test" duration-ms="4615" started-at="2020-12-02T21:42:08 CST" finished-at="2020-12-02T21:42:13 CST">
      <class name="testCases.GET_REQUEST">
        <test-method status="PASS" signature="setUp()[pri:0, instance:testCases.GET_REQUEST@31f9b85e]" name="setUp" is-config="true" duration-ms="22" started-at="2020-12-02T21:42:08 CST" finished-at="2020-12-02T21:42:08 CST">
          <reporter-output>
          </reporter-output>
        </test-method> <!-- setUp -->
        <test-method status="PASS" signature="GET_CUST()[pri:0, instance:testCases.GET_REQUEST@31f9b85e]" name="GET_CUST" duration-ms="4575" started-at="2020-12-02T21:42:09 CST" finished-at="2020-12-02T21:42:13 CST">
          <reporter-output>
          </reporter-output>
        </test-method> <!-- GET_CUST -->
        <test-method status="PASS" signature="tearDown()[pri:0, instance:testCases.GET_REQUEST@31f9b85e]" name="tearDown" is-config="true" duration-ms="1" started-at="2020-12-02T21:42:13 CST" finished-at="2020-12-02T21:42:13 CST">
          <reporter-output>
          </reporter-output>
        </test-method> <!-- tearDown -->
      </class> <!-- testCases.GET_REQUEST -->
    </test> <!-- Default test -->
  </suite> <!-- Default suite -->
</testng-results>
