<?xml version="1.0" encoding="UTF-8"?>
<testng-results ignored="0" total="5" passed="5" failed="0" skipped="0">
  <reporter-output>
  </reporter-output>
  <suite started-at="2020-08-04T00:40:51 CDT" name="Suite" finished-at="2020-08-04T00:42:55 CDT" duration-ms="123575">
    <groups>
    </groups>
    <test started-at="2020-08-04T00:40:51 CDT" name="Test" finished-at="2020-08-04T00:42:55 CDT" duration-ms="123575">
      <class name="testCases.Test_FilterSearch">
        <test-method is-config="true" signature="setup()[pri:0, instance:testCases.Test_FilterSearch@2101b44a]" started-at="2020-08-04T00:40:46 CDT" name="setup" finished-at="2020-08-04T00:40:51 CDT" duration-ms="5048" status="PASS">
          <reporter-output>
          </reporter-output>
        </test-method> <!-- setup -->
        <test-method is-config="true" signature="login()[pri:0, instance:testCases.Test_FilterSearch@2101b44a]" started-at="2020-08-04T00:40:51 CDT" name="login" finished-at="2020-08-04T00:41:00 CDT" duration-ms="8315" status="PASS">
          <reporter-output>
          </reporter-output>
        </test-method> <!-- login -->
        <test-method signature="test_FilterSearch(java.util.Hashtable)[pri:0, instance:testCases.Test_FilterSearch@2101b44a]" started-at="2020-08-04T00:41:00 CDT" name="test_FilterSearch" data-provider="dp" finished-at="2020-08-04T00:41:25 CDT" duration-ms="25083" status="PASS">
          <params>
            <param index="0">
              <value>
                <![CDATA[{totalItem=, hasImage=1.0, mfzMiles=1.0, mfzZip=75062.0, searchTitlesOnly=1.0}]]>
              </value>
            </param>
          </params>
          <reporter-output>
          </reporter-output>
        </test-method> <!-- test_FilterSearch -->
        <test-method signature="test_FilterSearch(java.util.Hashtable)[pri:0, instance:testCases.Test_FilterSearch@2101b44a]" started-at="2020-08-04T00:41:25 CDT" name="test_FilterSearch" data-provider="dp" finished-at="2020-08-04T00:41:47 CDT" duration-ms="21252" status="PASS">
          <params>
            <param index="0">
              <value>
                <![CDATA[{totalItem=, hasImage=1.0, mfzMiles=1.0, mfzZip=75063.0, searchTitlesOnly=1.0}]]>
              </value>
            </param>
          </params>
          <reporter-output>
          </reporter-output>
        </test-method> <!-- test_FilterSearch -->
        <test-method signature="test_FilterSearch(java.util.Hashtable)[pri:0, instance:testCases.Test_FilterSearch@2101b44a]" started-at="2020-08-04T00:41:47 CDT" name="test_FilterSearch" data-provider="dp" finished-at="2020-08-04T00:42:08 CDT" duration-ms="21470" status="PASS">
          <params>
            <param index="0">
              <value>
                <![CDATA[{totalItem=, hasImage=1.0, mfzMiles=1.0, mfzZip=75067.0, searchTitlesOnly=1.0}]]>
              </value>
            </param>
          </params>
          <reporter-output>
          </reporter-output>
        </test-method> <!-- test_FilterSearch -->
        <test-method signature="test_FilterSearch(java.util.Hashtable)[pri:0, instance:testCases.Test_FilterSearch@2101b44a]" started-at="2020-08-04T00:42:08 CDT" name="test_FilterSearch" data-provider="dp" finished-at="2020-08-04T00:42:30 CDT" duration-ms="21793" status="PASS">
          <params>
            <param index="0">
              <value>
                <![CDATA[{totalItem=, hasImage=1.0, mfzMiles=1.0, mfzZip=75069.0, searchTitlesOnly=1.0}]]>
              </value>
            </param>
          </params>
          <reporter-output>
          </reporter-output>
        </test-method> <!-- test_FilterSearch -->
        <test-method signature="test_FilterSearch(java.util.Hashtable)[pri:0, instance:testCases.Test_FilterSearch@2101b44a]" started-at="2020-08-04T00:42:30 CDT" name="test_FilterSearch" data-provider="dp" finished-at="2020-08-04T00:42:54 CDT" duration-ms="23683" status="PASS">
          <params>
            <param index="0">
              <value>
                <![CDATA[{totalItem=, hasImage=1.0, mfzMiles=1.0, mfzZip=75050.0, searchTitlesOnly=1.0}]]>
              </value>
            </param>
          </params>
          <reporter-output>
          </reporter-output>
        </test-method> <!-- test_FilterSearch -->
        <test-method is-config="true" signature="logout()[pri:0, instance:testCases.Test_FilterSearch@2101b44a]" started-at="2020-08-04T00:42:54 CDT" name="logout" finished-at="2020-08-04T00:42:55 CDT" duration-ms="1057" status="PASS">
          <reporter-output>
          </reporter-output>
        </test-method> <!-- logout -->
        <test-method is-config="true" signature="tearDowm()[pri:0, instance:testCases.Test_FilterSearch@2101b44a]" started-at="2020-08-04T00:42:55 CDT" name="tearDowm" finished-at="2020-08-04T00:42:55 CDT" duration-ms="482" status="PASS">
          <reporter-output>
          </reporter-output>
        </test-method> <!-- tearDowm -->
      </class> <!-- testCases.Test_FilterSearch -->
    </test> <!-- Test -->
  </suite> <!-- Suite -->
</testng-results>
